# JRE version: OpenJDK Runtime Environment Temurin-21.0.10+7 (21.0.10+7) (build 21.0.10+7-LTS)
# Java VM: OpenJDK 64-Bit Server VM Temurin-21.0.10+7 (21.0.10+7-LTS, mixed mode, sharing, tiered, compressed oops, compressed class ptrs, parallel gc, windows-amd64)
GC Precious Log:
 CardTable entry size: 512
 CPUs: 22 total, 22 available
 Memory: 16076M
 Large Page Support: Disabled
 NUMA Support: Disabled
 Compressed Oops: Enabled (32-bit)
 Alignments: Space 512K, Generation 512K, Heap 2M
 Heap Min Capacity: 100M
 Heap Initial Capacity: 100M
 Heap Max Capacity: 2G
 Pre-touch: Disabled
 Parallel Workers: 16
Heap:
 PSYoungGen      total 8704K, used 3362K [0x00000000d5580000, 0x00000000d6200000, 0x0000000100000000)
  eden space 6144K, 14% used [0x00000000d5580000,0x00000000d565aa90,0x00000000d5b80000)
  from space 2560K, 97% used [0x00000000d5e80000,0x00000000d60edde0,0x00000000d6100000)
  to   space 3072K, 0% used [0x00000000d5b80000,0x00000000d5b80000,0x00000000d5e80000)
 ParOldGen       total 807424K, used 541681K [0x0000000080000000, 0x00000000b1480000, 0x00000000d5580000)
  object space 807424K, 67% used [0x0000000080000000,0x00000000a10fc580,0x00000000b1480000)
 Metaspace       used 107855K, committed 109888K, reserved 1179648K
  class space    used 12623K, committed 13568K, reserved 1048576K
GC Heap History (20 events):
Event: 9611.540 GC heap before
{Heap before GC invocations=1433 (full 5):
 PSYoungGen      total 9216K, used 9216K [0x00000000d5580000, 0x00000000d6380000, 0x0000000100000000)
  eden space 8192K, 100% used [0x00000000d5580000,0x00000000d5d80000,0x00000000d5d80000)
  from space 1024K, 100% used [0x00000000d6200000,0x00000000d6300000,0x00000000d6300000)
  to   space 3072K, 0% used [0x00000000d5d80000,0x00000000d5d80000,0x00000000d6080000)
 ParOldGen       total 807424K, used 529530K [0x0000000080000000, 0x00000000b1480000, 0x00000000d5580000)
  object space 807424K, 65% used [0x0000000080000000,0x00000000a051e870,0x00000000b1480000)
 Metaspace       used 107769K, committed 109824K, reserved 1179648K
  class space    used 12621K, committed 13568K, reserved 1048576K
}
Event: 9611.545 GC heap after
{Heap after GC invocations=1433 (full 5):
 PSYoungGen      total 10752K, used 2414K [0x00000000d5580000, 0x00000000d6280000, 0x0000000100000000)
  eden space 8192K, 0% used [0x00000000d5580000,0x00000000d5580000,0x00000000d5d80000)
  from space 2560K, 94% used [0x00000000d5d80000,0x00000000d5fdbbd0,0x00000000d6000000)
  to   space 2560K, 0% used [0x00000000d6000000,0x00000000d6000000,0x00000000d6280000)
 ParOldGen       total 807424K, used 530585K [0x0000000080000000, 0x00000000b1480000, 0x00000000d5580000)
  object space 807424K, 65% used [0x0000000080000000,0x00000000a0626640,0x00000000b1480000)
 Metaspace       used 107769K, committed 109824K, reserved 1179648K
  class space    used 12621K, committed 13568K, reserved 1048576K
}
Event: 9944.263 GC heap before
{Heap before GC invocations=1434 (full 5):
 PSYoungGen      total 10752K, used 10606K [0x00000000d5580000, 0x00000000d6280000, 0x0000000100000000)
  eden space 8192K, 100% used [0x00000000d5580000,0x00000000d5d80000,0x00000000d5d80000)
  from space 2560K, 94% used [0x00000000d5d80000,0x00000000d5fdbbd0,0x00000000d6000000)
  to   space 2560K, 0% used [0x00000000d6000000,0x00000000d6000000,0x00000000d6280000)
 ParOldGen       total 807424K, used 530585K [0x0000000080000000, 0x00000000b1480000, 0x00000000d5580000)
  object space 807424K, 65% used [0x0000000080000000,0x00000000a0626640,0x00000000b1480000)
 Metaspace       used 107784K, committed 109824K, reserved 1179648K
  class space    used 12623K, committed 13568K, reserved 1048576K
}
Event: 9944.274 GC heap after
{Heap after GC invocations=1434 (full 5):
 PSYoungGen      total 9728K, used 1071K [0x00000000d5580000, 0x00000000d6180000, 0x0000000100000000)
  eden space 8192K, 0% used [0x00000000d5580000,0x00000000d5580000,0x00000000d5d80000)
  from space 1536K, 69% used [0x00000000d6000000,0x00000000d610bdd0,0x00000000d6180000)
  to   space 2048K, 0% used [0x00000000d5d80000,0x00000000d5d80000,0x00000000d5f80000)
 ParOldGen       total 807424K, used 532814K [0x0000000080000000, 0x00000000b1480000, 0x00000000d5580000)
  object space 807424K, 65% used [0x0000000080000000,0x00000000a08539f0,0x00000000b1480000)
 Metaspace       used 107784K, committed 109824K, reserved 1179648K
  class space    used 12623K, committed 13568K, reserved 1048576K
}
Event: 9944.324 GC heap before
{Heap before GC invocations=1435 (full 5):
 PSYoungGen      total 9728K, used 9263K [0x00000000d5580000, 0x00000000d6180000, 0x0000000100000000)
  eden space 8192K, 100% used [0x00000000d5580000,0x00000000d5d80000,0x00000000d5d80000)
  from space 1536K, 69% used [0x00000000d6000000,0x00000000d610bdd0,0x00000000d6180000)
  to   space 2048K, 0% used [0x00000000d5d80000,0x00000000d5d80000,0x00000000d5f80000)
 ParOldGen       total 807424K, used 532814K [0x0000000080000000, 0x00000000b1480000, 0x00000000d5580000)
  object space 807424K, 65% used [0x0000000080000000,0x00000000a08539f0,0x00000000b1480000)
 Metaspace       used 107794K, committed 109888K, reserved 1179648K
  class space    used 12623K, committed 13568K, reserved 1048576K
}
Event: 9944.329 GC heap after
{Heap after GC invocations=1435 (full 5):
 PSYoungGen      total 10240K, used 1642K [0x00000000d5580000, 0x00000000d6180000, 0x0000000100000000)
  eden space 8192K, 0% used [0x00000000d5580000,0x00000000d5580000,0x00000000d5d80000)
  from space 2048K, 80% used [0x00000000d5d80000,0x00000000d5f1a930,0x00000000d5f80000)
  to   space 2048K, 0% used [0x00000000d5f80000,0x00000000d5f80000,0x00000000d6180000)
 ParOldGen       total 807424K, used 533105K [0x0000000080000000, 0x00000000b1480000, 0x00000000d5580000)
  object space 807424K, 66% used [0x0000000080000000,0x00000000a089c660,0x00000000b1480000)
 Metaspace       used 107794K, committed 109888K, reserved 1179648K
  class space    used 12623K, committed 13568K, reserved 1048576K
}
Event: 9944.387 GC heap before
{Heap before GC invocations=1436 (full 5):
 PSYoungGen      total 10240K, used 9834K [0x00000000d5580000, 0x00000000d6180000, 0x0000000100000000)
  eden space 8192K, 100% used [0x00000000d5580000,0x00000000d5d80000,0x00000000d5d80000)
  from space 2048K, 80% used [0x00000000d5d80000,0x00000000d5f1a930,0x00000000d5f80000)
  to   space 2048K, 0% used [0x00000000d5f80000,0x00000000d5f80000,0x00000000d6180000)
 ParOldGen       total 807424K, used 533105K [0x0000000080000000, 0x00000000b1480000, 0x00000000d5580000)
  object space 807424K, 66% used [0x0000000080000000,0x00000000a089c660,0x00000000b1480000)
 Metaspace       used 107797K, committed 109888K, reserved 1179648K
  class space    used 12623K, committed 13568K, reserved 1048576K
}
Event: 9944.389 GC heap after
{Heap after GC invocations=1436 (full 5):
 PSYoungGen      total 8704K, used 320K [0x00000000d5580000, 0x00000000d6000000, 0x0000000100000000)
  eden space 8192K, 0% used [0x00000000d5580000,0x00000000d5580000,0x00000000d5d80000)
  from space 512K, 62% used [0x00000000d5f80000,0x00000000d5fd0000,0x00000000d6000000)
  to   space 1024K, 0% used [0x00000000d5e00000,0x00000000d5e00000,0x00000000d5f00000)
 ParOldGen       total 807424K, used 533137K [0x0000000080000000, 0x00000000b1480000, 0x00000000d5580000)
  object space 807424K, 66% used [0x0000000080000000,0x00000000a08a4660,0x00000000b1480000)
 Metaspace       used 107797K, committed 109888K, reserved 1179648K
  class space    used 12623K, committed 13568K, reserved 1048576K
}
Event: 17435.940 GC heap before
{Heap before GC invocations=1437 (full 5):
 PSYoungGen      total 8704K, used 8512K [0x00000000d5580000, 0x00000000d6000000, 0x0000000100000000)
  eden space 8192K, 100% used [0x00000000d5580000,0x00000000d5d80000,0x00000000d5d80000)
  from space 512K, 62% used [0x00000000d5f80000,0x00000000d5fd0000,0x00000000d6000000)
  to   space 1024K, 0% used [0x00000000d5e00000,0x00000000d5e00000,0x00000000d5f00000)
 ParOldGen       total 807424K, used 533137K [0x0000000080000000, 0x00000000b1480000, 0x00000000d5580000)
  object space 807424K, 66% used [0x0000000080000000,0x00000000a08a4660,0x00000000b1480000)
 Metaspace       used 107799K, committed 109888K, reserved 1179648K
  class space    used 12623K, committed 13568K, reserved 1048576K
}
Event: 17435.942 GC heap after
{Heap after GC invocations=1437 (full 5):
 PSYoungGen      total 9216K, used 352K [0x00000000d5580000, 0x00000000d6000000, 0x0000000100000000)
  eden space 8192K, 0% used [0x00000000d5580000,0x00000000d5580000,0x00000000d5d80000)
  from space 1024K, 34% used [0x00000000d5e00000,0x00000000d5e58000,0x00000000d5f00000)
  to   space 512K, 0% used [0x00000000d5f80000,0x00000000d5f80000,0x00000000d6000000)
 ParOldGen       total 807424K, used 533257K [0x0000000080000000, 0x00000000b1480000, 0x00000000d5580000)
  object space 807424K, 66% used [0x0000000080000000,0x00000000a08c2660,0x00000000b1480000)
 Metaspace       used 107799K, committed 109888K, reserved 1179648K
  class space    used 12623K, committed 13568K, reserved 1048576K
}
Event: 17435.989 GC heap before
{Heap before GC invocations=1438 (full 5):
 PSYoungGen      total 9216K, used 8544K [0x00000000d5580000, 0x00000000d6000000, 0x0000000100000000)
  eden space 8192K, 100% used [0x00000000d5580000,0x00000000d5d80000,0x00000000d5d80000)
  from space 1024K, 34% used [0x00000000d5e00000,0x00000000d5e58000,0x00000000d5f00000)
  to   space 512K, 0% used [0x00000000d5f80000,0x00000000d5f80000,0x00000000d6000000)
 ParOldGen       total 807424K, used 533257K [0x0000000080000000, 0x00000000b1480000, 0x00000000d5580000)
  object space 807424K, 66% used [0x0000000080000000,0x00000000a08c2660,0x00000000b1480000)
 Metaspace       used 107800K, committed 109888K, reserved 1179648K
  class space    used 12623K, committed 13568K, reserved 1048576K
}
Event: 17435.995 GC heap after
{Heap after GC invocations=1438 (full 5):
 PSYoungGen      total 7168K, used 480K [0x00000000d5580000, 0x00000000d6480000, 0x0000000100000000)
  eden space 6656K, 0% used [0x00000000d5580000,0x00000000d5580000,0x00000000d5c00000)
  from space 512K, 93% used [0x00000000d5f80000,0x00000000d5ff8020,0x00000000d6000000)
  to   space 3584K, 0% used [0x00000000d5c00000,0x00000000d5c00000,0x00000000d5f80000)
 ParOldGen       total 807424K, used 535670K [0x0000000080000000, 0x00000000b1480000, 0x00000000d5580000)
  object space 807424K, 66% used [0x0000000080000000,0x00000000a0b1d910,0x00000000b1480000)
 Metaspace       used 107800K, committed 109888K, reserved 1179648K
  class space    used 12623K, committed 13568K, reserved 1048576K
}
Event: 17436.025 GC heap before
{Heap before GC invocations=1439 (full 5):
 PSYoungGen      total 7168K, used 7136K [0x00000000d5580000, 0x00000000d6480000, 0x0000000100000000)
  eden space 6656K, 100% used [0x00000000d5580000,0x00000000d5c00000,0x00000000d5c00000)
  from space 512K, 93% used [0x00000000d5f80000,0x00000000d5ff8020,0x00000000d6000000)
  to   space 3584K, 0% used [0x00000000d5c00000,0x00000000d5c00000,0x00000000d5f80000)
 ParOldGen       total 807424K, used 535670K [0x0000000080000000, 0x00000000b1480000, 0x00000000d5580000)
  object space 807424K, 66% used [0x0000000080000000,0x00000000a0b1d910,0x00000000b1480000)
 Metaspace       used 107826K, committed 109888K, reserved 1179648K
  class space    used 12623K, committed 13568K, reserved 1048576K
}
Event: 17436.029 GC heap after
{Heap after GC invocations=1439 (full 5):
 PSYoungGen      total 9216K, used 2327K [0x00000000d5580000, 0x00000000d6100000, 0x0000000100000000)
  eden space 6656K, 0% used [0x00000000d5580000,0x00000000d5580000,0x00000000d5c00000)
  from space 2560K, 90% used [0x00000000d5c00000,0x00000000d5e45de0,0x00000000d5e80000)
  to   space 2560K, 0% used [0x00000000d5e80000,0x00000000d5e80000,0x00000000d6100000)
 ParOldGen       total 807424K, used 536205K [0x0000000080000000, 0x00000000b1480000, 0x00000000d5580000)
  object space 807424K, 66% used [0x0000000080000000,0x00000000a0ba3610,0x00000000b1480000)
 Metaspace       used 107826K, committed 109888K, reserved 1179648K
  class space    used 12623K, committed 13568K, reserved 1048576K
}
Event: 17436.133 GC heap before
{Heap before GC invocations=1440 (full 5):
 PSYoungGen      total 9216K, used 8961K [0x00000000d5580000, 0x00000000d6100000, 0x0000000100000000)
  eden space 6656K, 99% used [0x00000000d5580000,0x00000000d5bfa968,0x00000000d5c00000)
  from space 2560K, 90% used [0x00000000d5c00000,0x00000000d5e45de0,0x00000000d5e80000)
  to   space 2560K, 0% used [0x00000000d5e80000,0x00000000d5e80000,0x00000000d6100000)
 ParOldGen       total 807424K, used 536205K [0x0000000080000000, 0x00000000b1480000, 0x00000000d5580000)
  object space 807424K, 66% used [0x0000000080000000,0x00000000a0ba3610,0x00000000b1480000)
 Metaspace       used 107828K, committed 109888K, reserved 1179648K
  class space    used 12623K, committed 13568K, reserved 1048576K
}
Event: 17436.138 GC heap after
{Heap after GC invocations=1440 (full 5):
 PSYoungGen      total 9216K, used 2134K [0x00000000d5580000, 0x00000000d6100000, 0x0000000100000000)
  eden space 6656K, 0% used [0x00000000d5580000,0x00000000d5580000,0x00000000d5c00000)
  from space 2560K, 83% used [0x00000000d5e80000,0x00000000d6095810,0x00000000d6100000)
  to   space 2560K, 0% used [0x00000000d5c00000,0x00000000d5c00000,0x00000000d5e80000)
 ParOldGen       total 807424K, used 538281K [0x0000000080000000, 0x00000000b1480000, 0x00000000d5580000)
  object space 807424K, 66% used [0x0000000080000000,0x00000000a0daa450,0x00000000b1480000)
 Metaspace       used 107828K, committed 109888K, reserved 1179648K
  class space    used 12623K, committed 13568K, reserved 1048576K
}
Event: 17436.158 GC heap before
{Heap before GC invocations=1441 (full 5):
 PSYoungGen      total 9216K, used 8790K [0x00000000d5580000, 0x00000000d6100000, 0x0000000100000000)
  eden space 6656K, 100% used [0x00000000d5580000,0x00000000d5c00000,0x00000000d5c00000)
  from space 2560K, 83% used [0x00000000d5e80000,0x00000000d6095810,0x00000000d6100000)
  to   space 2560K, 0% used [0x00000000d5c00000,0x00000000d5c00000,0x00000000d5e80000)
 ParOldGen       total 807424K, used 538281K [0x0000000080000000, 0x00000000b1480000, 0x00000000d5580000)
  object space 807424K, 66% used [0x0000000080000000,0x00000000a0daa450,0x00000000b1480000)
 Metaspace       used 107828K, committed 109888K, reserved 1179648K
  class space    used 12623K, committed 13568K, reserved 1048576K
}
Event: 17436.164 GC heap after
{Heap after GC invocations=1441 (full 5):
 PSYoungGen      total 9216K, used 2048K [0x00000000d5580000, 0x00000000d6100000, 0x0000000100000000)
  eden space 6656K, 0% used [0x00000000d5580000,0x00000000d5580000,0x00000000d5c00000)
  from space 2560K, 80% used [0x00000000d5c00000,0x00000000d5e00010,0x00000000d5e80000)
  to   space 2560K, 0% used [0x00000000d5e80000,0x00000000d5e80000,0x00000000d6100000)
 ParOldGen       total 807424K, used 540089K [0x0000000080000000, 0x00000000b1480000, 0x00000000d5580000)
  object space 807424K, 66% used [0x0000000080000000,0x00000000a0f6e550,0x00000000b1480000)
 Metaspace       used 107828K, committed 109888K, reserved 1179648K
  class space    used 12623K, committed 13568K, reserved 1048576K
}
Event: 17436.190 GC heap before
{Heap before GC invocations=1442 (full 5):
 PSYoungGen      total 9216K, used 8704K [0x00000000d5580000, 0x00000000d6100000, 0x0000000100000000)
  eden space 6656K, 100% used [0x00000000d5580000,0x00000000d5c00000,0x00000000d5c00000)
  from space 2560K, 80% used [0x00000000d5c00000,0x00000000d5e00010,0x00000000d5e80000)
  to   space 2560K, 0% used [0x00000000d5e80000,0x00000000d5e80000,0x00000000d6100000)
 ParOldGen       total 807424K, used 540089K [0x0000000080000000, 0x00000000b1480000, 0x00000000d5580000)
  object space 807424K, 66% used [0x0000000080000000,0x00000000a0f6e550,0x00000000b1480000)
 Metaspace       used 107849K, committed 109888K, reserved 1179648K
  class space    used 12623K, committed 13568K, reserved 1048576K
}
Event: 17436.196 GC heap after
{Heap after GC invocations=1442 (full 5):
 PSYoungGen      total 8704K, used 2487K [0x00000000d5580000, 0x00000000d6200000, 0x0000000100000000)
  eden space 6144K, 0% used [0x00000000d5580000,0x00000000d5580000,0x00000000d5b80000)
  from space 2560K, 97% used [0x00000000d5e80000,0x00000000d60edde0,0x00000000d6100000)
  to   space 3072K, 0% used [0x00000000d5b80000,0x00000000d5b80000,0x00000000d5e80000)
 ParOldGen       total 807424K, used 541681K [0x0000000080000000, 0x00000000b1480000, 0x00000000d5580000)
  object space 807424K, 67% used [0x0000000080000000,0x00000000a10fc580,0x00000000b1480000)
 Metaspace       used 107849K, committed 109888K, reserved 1179648K
  class space    used 12623K, committed 13568K, reserved 1048576K
}

